<?xml version="1.0" encoding="UTF-8"?>
<testng-results skipped="0" failed="1" total="1" passed="0">
  <reporter-output>
  </reporter-output>
  <suite name="Default suite" duration-ms="87435" started-at="2017-01-11T17:22:31Z" finished-at="2017-01-11T17:23:59Z">
    <groups>
    </groups>
    <test name="Default test" duration-ms="87435" started-at="2017-01-11T17:22:31Z" finished-at="2017-01-11T17:23:59Z">
      <class name="testcases.ControlPageTest">
        <test-method status="PASS" signature="setUp()[pri:0, instance:testcases.ControlPageTest@4dfa3a9d]" name="setUp" is-config="true" duration-ms="9975" started-at="2017-01-11T22:52:31Z" finished-at="2017-01-11T22:52:41Z">
          <reporter-output>
          </reporter-output>
        </test-method> <!-- setUp -->
        <test-method status="FAIL" signature="fieldPageTest()[pri:0, instance:testcases.ControlPageTest@4dfa3a9d]" name="fieldPageTest" duration-ms="55134" started-at="2017-01-11T22:52:41Z" finished-at="2017-01-11T22:53:37Z">
          <exception class="org.openqa.selenium.TimeoutException">
            <message>
              <![CDATA[Expected condition failed: waiting for visibility of element located by By.id: spinner (tried for 30 second(s) with 500 MILLISECONDS interval)
Build info: version: '3.0.1', revision: '1969d75', time: '2016-10-18 09:49:13 -0700'
System info: host: 'Shikhers-MacBook-Pro.local', ip: '192.168.1.3', os.name: 'Mac OS X', os.arch: 'x86_64', os.version: '10.12.2', java.version: '1.8.0_111'
Driver info: io.appium.java_client.android.AndroidDriver
Capabilities [{app=/Users/shikhergupta/Documents/workspace/appium_myApp/apps/app-debug.apk, appPackage=com.shikhergupta.logindemo, networkConnectionEnabled=true, warnings={}, databaseEnabled=false, deviceName=TA64303BER, platform=LINUX, deviceUDID=TA64303BER, appActivity=com.shikhergupta.logindemo.WelcomePage, desired={app=/Users/shikhergupta/Documents/workspace/appium_myApp/apps/app-debug.apk, appPackage=com.shikhergupta.logindemo, appActivity=com.shikhergupta.logindemo.WelcomePage, appium-version=1.5.3, platformVersion=5.1, automationName=Appium, platformName=Android, deviceName=TA64303BER}, appium-version=1.5.3, platformVersion=5.1, webStorageEnabled=false, locationContextEnabled=false, automationName=Appium, takesScreenshot=true, javascriptEnabled=true, platformName=Android}]
Session ID: 2e8e957d-e351-4df9-befb-c1d5395c61e0]]>
            </message>
            <full-stacktrace>
              <![CDATA[org.openqa.selenium.TimeoutException: Expected condition failed: waiting for visibility of element located by By.id: spinner (tried for 30 second(s) with 500 MILLISECONDS interval)
Build info: version: '3.0.1', revision: '1969d75', time: '2016-10-18 09:49:13 -0700'
System info: host: 'Shikhers-MacBook-Pro.local', ip: '192.168.1.3', os.name: 'Mac OS X', os.arch: 'x86_64', os.version: '10.12.2', java.version: '1.8.0_111'
Driver info: io.appium.java_client.android.AndroidDriver
Capabilities [{app=/Users/shikhergupta/Documents/workspace/appium_myApp/apps/app-debug.apk, appPackage=com.shikhergupta.logindemo, networkConnectionEnabled=true, warnings={}, databaseEnabled=false, deviceName=TA64303BER, platform=LINUX, deviceUDID=TA64303BER, appActivity=com.shikhergupta.logindemo.WelcomePage, desired={app=/Users/shikhergupta/Documents/workspace/appium_myApp/apps/app-debug.apk, appPackage=com.shikhergupta.logindemo, appActivity=com.shikhergupta.logindemo.WelcomePage, appium-version=1.5.3, platformVersion=5.1, automationName=Appium, platformName=Android, deviceName=TA64303BER}, appium-version=1.5.3, platformVersion=5.1, webStorageEnabled=false, locationContextEnabled=false, automationName=Appium, takesScreenshot=true, javascriptEnabled=true, platformName=Android}]
Session ID: 2e8e957d-e351-4df9-befb-c1d5395c61e0
	at org.openqa.selenium.support.ui.WebDriverWait.timeoutException(WebDriverWait.java:80)
	at org.openqa.selenium.support.ui.FluentWait.until(FluentWait.java:265)
	at pagesActions.PageControls.waitForVisibilityOf(PageControls.java:24)
	at pagesActions.FieldsPage.controlsPage(FieldsPage.java:52)
	at testcases.ControlPageTest.fieldPageTest(ControlPageTest.java:23)
	at sun.reflect.NativeMethodAccessorImpl.invoke0(Native Method)
	at sun.reflect.NativeMethodAccessorImpl.invoke(NativeMethodAccessorImpl.java:62)
	at sun.reflect.DelegatingMethodAccessorImpl.invoke(DelegatingMethodAccessorImpl.java:43)
	at java.lang.reflect.Method.invoke(Method.java:498)
	at org.testng.internal.MethodInvocationHelper.invokeMethod(MethodInvocationHelper.java:85)
	at org.testng.internal.Invoker.invokeMethod(Invoker.java:639)
	at org.testng.internal.Invoker.invokeTestMethod(Invoker.java:816)
	at org.testng.internal.Invoker.invokeTestMethods(Invoker.java:1124)
	at org.testng.internal.TestMethodWorker.invokeTestMethods(TestMethodWorker.java:125)
	at org.testng.internal.TestMethodWorker.run(TestMethodWorker.java:108)
	at org.testng.TestRunner.privateRun(TestRunner.java:774)
	at org.testng.TestRunner.run(TestRunner.java:624)
	at org.testng.SuiteRunner.runTest(SuiteRunner.java:359)
	at org.testng.SuiteRunner.runSequentially(SuiteRunner.java:354)
	at org.testng.SuiteRunner.privateRun(SuiteRunner.java:312)
	at org.testng.SuiteRunner.run(SuiteRunner.java:261)
	at org.testng.SuiteRunnerWorker.runSuite(SuiteRunnerWorker.java:52)
	at org.testng.SuiteRunnerWorker.run(SuiteRunnerWorker.java:86)
	at org.testng.TestNG.runSuitesSequentially(TestNG.java:1191)
	at org.testng.TestNG.runSuitesLocally(TestNG.java:1116)
	at org.testng.TestNG.run(TestNG.java:1024)
	at org.testng.remote.AbstractRemoteTestNG.run(AbstractRemoteTestNG.java:132)
	at org.testng.remote.RemoteTestNG.initAndRun(RemoteTestNG.java:236)
	at org.testng.remote.RemoteTestNG.main(RemoteTestNG.java:81)
Caused by: org.openqa.selenium.NoSuchElementException: An element could not be located on the page using the given search parameters. (WARNING: The server did not provide any stacktrace information)
Command duration or timeout: 257 milliseconds
For documentation on this error, please visit: http://seleniumhq.org/exceptions/no_such_element.html
Build info: version: '3.0.1', revision: '1969d75', time: '2016-10-18 09:49:13 -0700'
System info: host: 'Shikhers-MacBook-Pro.local', ip: '192.168.1.3', os.name: 'Mac OS X', os.arch: 'x86_64', os.version: '10.12.2', java.version: '1.8.0_111'
Driver info: io.appium.java_client.android.AndroidDriver
Capabilities [{app=/Users/shikhergupta/Documents/workspace/appium_myApp/apps/app-debug.apk, appPackage=com.shikhergupta.logindemo, networkConnectionEnabled=true, warnings={}, databaseEnabled=false, deviceName=TA64303BER, platform=LINUX, deviceUDID=TA64303BER, appActivity=com.shikhergupta.logindemo.WelcomePage, desired={app=/Users/shikhergupta/Documents/workspace/appium_myApp/apps/app-debug.apk, appPackage=com.shikhergupta.logindemo, appActivity=com.shikhergupta.logindemo.WelcomePage, appium-version=1.5.3, platformVersion=5.1, automationName=Appium, platformName=Android, deviceName=TA64303BER}, appium-version=1.5.3, platformVersion=5.1, webStorageEnabled=false, locationContextEnabled=false, automationName=Appium, takesScreenshot=true, javascriptEnabled=true, platformName=Android}]
Session ID: 2e8e957d-e351-4df9-befb-c1d5395c61e0
*** Element info: {Using=id, value=spinner}
	at sun.reflect.GeneratedConstructorAccessor10.newInstance(Unknown Source)
	at sun.reflect.DelegatingConstructorAccessorImpl.newInstance(DelegatingConstructorAccessorImpl.java:45)
	at java.lang.reflect.Constructor.newInstance(Constructor.java:423)
	at org.openqa.selenium.remote.ErrorHandler.createThrowable(ErrorHandler.java:216)
	at org.openqa.selenium.remote.ErrorHandler.throwIfResponseFailed(ErrorHandler.java:168)
	at org.openqa.selenium.remote.RemoteWebDriver.execute(RemoteWebDriver.java:635)
	at io.appium.java_client.DefaultGenericMobileDriver.execute(DefaultGenericMobileDriver.java:40)
	at io.appium.java_client.AppiumDriver.execute(AppiumDriver.java:1)
	at io.appium.java_client.android.AndroidDriver.execute(AndroidDriver.java:1)
	at org.openqa.selenium.remote.RemoteWebDriver.findElement(RemoteWebDriver.java:368)
	at io.appium.java_client.DefaultGenericMobileDriver.findElement(DefaultGenericMobileDriver.java:56)
	at io.appium.java_client.AppiumDriver.findElement(AppiumDriver.java:1)
	at io.appium.java_client.android.AndroidDriver.findElement(AndroidDriver.java:1)
	at org.openqa.selenium.remote.RemoteWebDriver.findElementById(RemoteWebDriver.java:417)
	at io.appium.java_client.DefaultGenericMobileDriver.findElementById(DefaultGenericMobileDriver.java:64)
	at io.appium.java_client.AppiumDriver.findElementById(AppiumDriver.java:1)
	at io.appium.java_client.android.AndroidDriver.findElementById(AndroidDriver.java:1)
	at org.openqa.selenium.By$ById.findElement(By.java:218)
	at org.openqa.selenium.remote.RemoteWebDriver.findElement(RemoteWebDriver.java:360)
	at io.appium.java_client.DefaultGenericMobileDriver.findElement(DefaultGenericMobileDriver.java:52)
	at io.appium.java_client.AppiumDriver.findElement(AppiumDriver.java:1)
	at io.appium.java_client.android.AndroidDriver.findElement(AndroidDriver.java:1)
	at org.openqa.selenium.support.ui.ExpectedConditions.findElement(ExpectedConditions.java:895)
	at org.openqa.selenium.support.ui.ExpectedConditions.access$000(ExpectedConditions.java:41)
	at org.openqa.selenium.support.ui.ExpectedConditions$7.apply(ExpectedConditions.java:205)
	at org.openqa.selenium.support.ui.ExpectedConditions$7.apply(ExpectedConditions.java:201)
	at org.openqa.selenium.support.ui.FluentWait.until(FluentWait.java:238)
	... 27 more
]]>
            </full-stacktrace>
          </exception> <!-- org.openqa.selenium.TimeoutException -->
          <reporter-output>
          </reporter-output>
        </test-method> <!-- fieldPageTest -->
        <test-method status="PASS" signature="tearDown()[pri:0, instance:testcases.ControlPageTest@4dfa3a9d]" name="tearDown" is-config="true" duration-ms="2300" started-at="2017-01-11T22:53:57Z" finished-at="2017-01-11T22:53:59Z">
          <reporter-output>
          </reporter-output>
        </test-method> <!-- tearDown -->
      </class> <!-- testcases.ControlPageTest -->
    </test> <!-- Default test -->
  </suite> <!-- Default suite -->
</testng-results>
